<?xml version="1.0" encoding="UTF-8"?>
<!-- Generated by org.testng.reporters.JUnitReportReporter -->
<testsuite skipped="0" hostname="DESKTOP-ANJK2SU" name="apiConnection.SampleGetRequest" tests="1" failures="0" timestamp="28 Feb 2022 23:40:20 GMT" time="18.331" errors="0">
  <testcase name="getRequestExample" time="18.331" classname="apiConnection.SampleGetRequest"/>
</testsuite> <!-- apiConnection.SampleGetRequest -->
