<?xml version="1.0" encoding="UTF-8"?>
<!-- Generated by org.testng.reporters.JUnitReportReporter -->
<testsuite skipped="0" hostname="DESKTOP-ANJK2SU" name="com.restAssured.SamplePutRequest" tests="1" failures="0" timestamp="01 Mar 2022 05:28:38 GMT" time="18.212" errors="0">
  <testcase name="putRequestExamle" time="18.212" classname="com.restAssured.SamplePutRequest"/>
</testsuite> <!-- com.restAssured.SamplePutRequest -->
