<?xml version="1.0" encoding="UTF-8"?>
<!-- Generated by org.testng.reporters.JUnitReportReporter -->
<testsuite skipped="0" hostname="DESKTOP-ANJK2SU" name="com.restAssured.SampleGetRequestBDD" tests="1" failures="0" timestamp="01 Mar 2022 04:26:20 GMT" time="14.828" errors="0">
  <testcase name="getRequestExample" time="14.828" classname="com.restAssured.SampleGetRequestBDD"/>
</testsuite> <!-- com.restAssured.SampleGetRequestBDD -->
