<?xml version="1.0" encoding="UTF-8"?>
<!-- Generated by org.testng.reporters.JUnitReportReporter -->
<testsuite skipped="0" hostname="DESKTOP-ANJK2SU" name="com.restAssured.SamplePatchRequest" tests="1" failures="0" timestamp="01 Mar 2022 05:39:06 GMT" time="16.842" errors="0">
  <testcase name="patchRequestExamle" time="16.842" classname="com.restAssured.SamplePatchRequest"/>
</testsuite> <!-- com.restAssured.SamplePatchRequest -->
